<?xml version="1.0" encoding="UTF-8"?>
<!-- Generated by org.testng.reporters.JUnitXMLReporter -->
<testsuite ignored="1" hostname="ChanduPrahallad" failures="2" tests="5" name="javalearn" time="0.038" errors="0" timestamp="2022-10-15T15:59:37 IST">
  <testcase classname="TestNG_practice.TestNGBasics_002" name="addItemsToTheCart" time="0.003"/>
  <testcase classname="TestNG_practice.TestNGBasics_002" name="logOut" time="0.001"/>
  <testcase classname="TestNG_practice.TestNGBasics_002" name="login" time="0.0">
    <failure type="org.testng.TestNGException" message="
Parameter &amp;apos;url&amp;apos; is required by @Test on method login but has not been marked @Optional or defined
in C:\Users\chandu\AppData\Local\JetBrains\IdeaIC2022.2\temp-testng-customsuite.xml">
      <![CDATA[org.testng.TestNGException: 
Parameter 'url' is required by @Test on method login but has not been marked @Optional or defined
in C:\Users\chandu\AppData\Local\JetBrains\IdeaIC2022.2\temp-testng-customsuite.xml
at java.base/java.util.ArrayList.forEach(ArrayList.java:1511)
at com.intellij.rt.testng.IDEARemoteTestNG.run(IDEARemoteTestNG.java:66)
at com.intellij.rt.testng.RemoteTestNGStarter.main(RemoteTestNGStarter.java:109)
... Removed 23 stack frames]]>
    </failure>
  </testcase> <!-- login -->
  <testcase classname="TestNG_practice.TestNGBasics_002" name="purchaseItems" time="0.001"/>
  <testcase classname="TestNG_practice.TestNGBasics_002" name="signUp" time="0.0">
    <failure type="org.testng.TestNGException" message="
Parameter &amp;apos;url&amp;apos; is required by @Test on method signUp but has not been marked @Optional or defined
in C:\Users\chandu\AppData\Local\JetBrains\IdeaIC2022.2\temp-testng-customsuite.xml">
      <![CDATA[org.testng.TestNGException: 
Parameter 'url' is required by @Test on method signUp but has not been marked @Optional or defined
in C:\Users\chandu\AppData\Local\JetBrains\IdeaIC2022.2\temp-testng-customsuite.xml
at java.base/java.util.ArrayList.forEach(ArrayList.java:1511)
at com.intellij.rt.testng.IDEARemoteTestNG.run(IDEARemoteTestNG.java:66)
at com.intellij.rt.testng.RemoteTestNGStarter.main(RemoteTestNGStarter.java:109)
... Removed 23 stack frames]]>
    </failure>
  </testcase> <!-- signUp -->
  <testcase classname="TestNG_practice.TestNGBasics_002" name="searchItem" time="0.0">
    <ignored/>
  </testcase> <!-- searchItem -->
</testsuite> <!-- javalearn -->
